# JRE version: OpenJDK Runtime Environment (8.0_242-b01) (build 1.8.0_242-release-1644-b01)
# Java VM: OpenJDK 64-Bit Server VM (25.242-b01 mixed mode windows-amd64 compressed oops)
Heap:
 PSYoungGen      total 65024K, used 13340K [0x00000000d9980000, 0x00000000ddd80000, 0x0000000100000000)
  eden space 60416K, 22% used [0x00000000d9980000,0x00000000da6872e8,0x00000000dd480000)
  from space 4608K, 0% used [0x00000000dd480000,0x00000000dd480000,0x00000000dd900000)
  to   space 4608K, 0% used [0x00000000dd900000,0x00000000dd900000,0x00000000ddd80000)
 ParOldGen       total 91136K, used 23017K [0x000000008cc00000, 0x0000000092500000, 0x00000000d9980000)
  object space 91136K, 25% used [0x000000008cc00000,0x000000008e27a7a8,0x0000000092500000)
 Metaspace       used 24318K, capacity 24916K, committed 25088K, reserved 1071104K
  class space    used 3107K, capacity 3280K, committed 3328K, reserved 1048576K
GC Heap History (8 events):
Event: 1.212 GC heap before
{Heap before GC invocations=1 (full 0):
 PSYoungGen      total 34816K, used 30208K [0x00000000d9980000, 0x00000000dc000000, 0x0000000100000000)
  eden space 30208K, 100% used [0x00000000d9980000,0x00000000db700000,0x00000000db700000)
  from space 4608K, 0% used [0x00000000dbb80000,0x00000000dbb80000,0x00000000dc000000)
  to   space 4608K, 0% used [0x00000000db700000,0x00000000db700000,0x00000000dbb80000)
 ParOldGen       total 79360K, used 0K [0x000000008cc00000, 0x0000000091980000, 0x00000000d9980000)
  object space 79360K, 0% used [0x000000008cc00000,0x000000008cc00000,0x0000000091980000)
 Metaspace       used 9822K, capacity 9962K, committed 10112K, reserved 1058816K
  class space    used 1027K, capacity 1115K, committed 1152K, reserved 1048576K
Event: 1.226 GC heap after
Heap after GC invocations=1 (full 0):
 PSYoungGen      total 34816K, used 4581K [0x00000000d9980000, 0x00000000ddd80000, 0x0000000100000000)
  eden space 30208K, 0% used [0x00000000d9980000,0x00000000d9980000,0x00000000db700000)
  from space 4608K, 99% used [0x00000000db700000,0x00000000dbb795e8,0x00000000dbb80000)
  to   space 4608K, 0% used [0x00000000dd900000,0x00000000dd900000,0x00000000ddd80000)
 ParOldGen       total 79360K, used 2373K [0x000000008cc00000, 0x0000000091980000, 0x00000000d9980000)
  object space 79360K, 2% used [0x000000008cc00000,0x000000008ce51638,0x0000000091980000)
 Metaspace       used 9822K, capacity 9962K, committed 10112K, reserved 1058816K
  class space    used 1027K, capacity 1115K, committed 1152K, reserved 1048576K
}
Event: 2.373 GC heap before
{Heap before GC invocations=2 (full 0):
 PSYoungGen      total 34816K, used 34789K [0x00000000d9980000, 0x00000000ddd80000, 0x0000000100000000)
  eden space 30208K, 100% used [0x00000000d9980000,0x00000000db700000,0x00000000db700000)
  from space 4608K, 99% used [0x00000000db700000,0x00000000dbb795e8,0x00000000dbb80000)
  to   space 4608K, 0% used [0x00000000dd900000,0x00000000dd900000,0x00000000ddd80000)
 ParOldGen       total 79360K, used 2373K [0x000000008cc00000, 0x0000000091980000, 0x00000000d9980000)
  object space 79360K, 2% used [0x000000008cc00000,0x000000008ce51638,0x0000000091980000)
 Metaspace       used 14851K, capacity 15100K, committed 15360K, reserved 1062912K
  class space    used 1677K, capacity 1760K, committed 1792K, reserved 1048576K
Event: 2.391 GC heap after
Heap after GC invocations=2 (full 0):
 PSYoungGen      total 65024K, used 4593K [0x00000000d9980000, 0x00000000ddd80000, 0x0000000100000000)
  eden space 60416K, 0% used [0x00000000d9980000,0x00000000d9980000,0x00000000dd480000)
  from space 4608K, 99% used [0x00000000dd900000,0x00000000ddd7c7b0,0x00000000ddd80000)
  to   space 4608K, 0% used [0x00000000dd480000,0x00000000dd480000,0x00000000dd900000)
 ParOldGen       total 79360K, used 6945K [0x000000008cc00000, 0x0000000091980000, 0x00000000d9980000)
  object space 79360K, 8% used [0x000000008cc00000,0x000000008d2c8470,0x0000000091980000)
 Metaspace       used 14851K, capacity 15100K, committed 15360K, reserved 1062912K
  class space    used 1677K, capacity 1760K, committed 1792K, reserved 1048576K
}
Event: 3.141 GC heap before
{Heap before GC invocations=3 (full 0):
 PSYoungGen      total 65024K, used 41963K [0x00000000d9980000, 0x00000000ddd80000, 0x0000000100000000)
  eden space 60416K, 61% used [0x00000000d9980000,0x00000000dbdfe650,0x00000000dd480000)
  from space 4608K, 99% used [0x00000000dd900000,0x00000000ddd7c7b0,0x00000000ddd80000)
  to   space 4608K, 0% used [0x00000000dd480000,0x00000000dd480000,0x00000000dd900000)
 ParOldGen       total 79360K, used 6945K [0x000000008cc00000, 0x0000000091980000, 0x00000000d9980000)
  object space 79360K, 8% used [0x000000008cc00000,0x000000008d2c8470,0x0000000091980000)
 Metaspace       used 20741K, capacity 21142K, committed 21248K, reserved 1069056K
  class space    used 2363K, capacity 2491K, committed 2560K, reserved 1048576K
Event: 3.190 GC heap after
Heap after GC invocations=3 (full 0):
 PSYoungGen      total 65024K, used 4576K [0x00000000d9980000, 0x00000000ddd80000, 0x0000000100000000)
  eden space 60416K, 0% used [0x00000000d9980000,0x00000000d9980000,0x00000000dd480000)
  from space 4608K, 99% used [0x00000000dd480000,0x00000000dd8f8040,0x00000000dd900000)
  to   space 4608K, 0% used [0x00000000dd900000,0x00000000dd900000,0x00000000ddd80000)
 ParOldGen       total 79360K, used 25266K [0x000000008cc00000, 0x0000000091980000, 0x00000000d9980000)
  object space 79360K, 31% used [0x000000008cc00000,0x000000008e4acb80,0x0000000091980000)
 Metaspace       used 20741K, capacity 21142K, committed 21248K, reserved 1069056K
  class space    used 2363K, capacity 2491K, committed 2560K, reserved 1048576K
}
Event: 3.190 GC heap before
{Heap before GC invocations=4 (full 1):
 PSYoungGen      total 65024K, used 4576K [0x00000000d9980000, 0x00000000ddd80000, 0x0000000100000000)
  eden space 60416K, 0% used [0x00000000d9980000,0x00000000d9980000,0x00000000dd480000)
  from space 4608K, 99% used [0x00000000dd480000,0x00000000dd8f8040,0x00000000dd900000)
  to   space 4608K, 0% used [0x00000000dd900000,0x00000000dd900000,0x00000000ddd80000)
 ParOldGen       total 79360K, used 25266K [0x000000008cc00000, 0x0000000091980000, 0x00000000d9980000)
  object space 79360K, 31% used [0x000000008cc00000,0x000000008e4acb80,0x0000000091980000)
 Metaspace       used 20741K, capacity 21142K, committed 21248K, reserved 1069056K
  class space    used 2363K, capacity 2491K, committed 2560K, reserved 1048576K
Event: 3.333 GC heap after
Heap after GC invocations=4 (full 1):
 PSYoungGen      total 65024K, used 0K [0x00000000d9980000, 0x00000000ddd80000, 0x0000000100000000)
  eden space 60416K, 0% used [0x00000000d9980000,0x00000000d9980000,0x00000000dd480000)
  from space 4608K, 0% used [0x00000000dd480000,0x00000000dd480000,0x00000000dd900000)
  to   space 4608K, 0% used [0x00000000dd900000,0x00000000dd900000,0x00000000ddd80000)
 ParOldGen       total 91136K, used 23017K [0x000000008cc00000, 0x0000000092500000, 0x00000000d9980000)
  object space 91136K, 25% used [0x000000008cc00000,0x000000008e27a7a8,0x0000000092500000)
 Metaspace       used 20741K, capacity 21142K, committed 21248K, reserved 1069056K
  class space    used 2363K, capacity 2491K, committed 2560K, reserved 1048576K
}

