# JRE version: OpenJDK Runtime Environment (8.0_242-b01) (build 1.8.0_242-release-1644-b01)
# Java VM: OpenJDK 64-Bit Server VM (25.242-b01 mixed mode windows-amd64 compressed oops)
Heap:
 PSYoungGen      total 595968K, used 294482K [0x00000000d5580000, 0x00000000ffc00000, 0x0000000100000000)
  eden space 505856K, 55% used [0x00000000d5580000,0x00000000e66b4058,0x00000000f4380000)
  from space 90112K, 16% used [0x00000000f4380000,0x00000000f51e0830,0x00000000f9b80000)
  to   space 85504K, 0% used [0x00000000fa880000,0x00000000fa880000,0x00000000ffc00000)
 ParOldGen       total 312832K, used 162817K [0x0000000080000000, 0x0000000093180000, 0x00000000d5580000)
  object space 312832K, 52% used [0x0000000080000000,0x0000000089f005f0,0x0000000093180000)
 Metaspace       used 121776K, capacity 128056K, committed 130764K, reserved 1163264K
  class space    used 15427K, capacity 16577K, committed 17152K, reserved 1048576K
GC Heap History (10 events):
Event: 7895.727 GC heap before
{Heap before GC invocations=49 (full 6):
 PSYoungGen      total 573952K, used 489984K [0x00000000d5580000, 0x0000000100000000, 0x0000000100000000)
  eden space 489984K, 100% used [0x00000000d5580000,0x00000000f3400000,0x00000000f3400000)
  from space 83968K, 0% used [0x00000000fae00000,0x00000000fae00000,0x0000000100000000)
  to   space 104448K, 0% used [0x00000000f3400000,0x00000000f3400000,0x00000000f9a00000)
 ParOldGen       total 312832K, used 129603K [0x0000000080000000, 0x0000000093180000, 0x00000000d5580000)
  object space 312832K, 41% used [0x0000000080000000,0x0000000087e90dc0,0x0000000093180000)
 Metaspace       used 121746K, capacity 127956K, committed 130508K, reserved 1163264K
  class space    used 15426K, capacity 16545K, committed 17152K, reserved 1048576K
Event: 7895.766 GC heap after
Heap after GC invocations=49 (full 6):
 PSYoungGen      total 594432K, used 7296K [0x00000000d5580000, 0x0000000100000000, 0x0000000100000000)
  eden space 489984K, 0% used [0x00000000d5580000,0x00000000d5580000,0x00000000f3400000)
  from space 104448K, 6% used [0x00000000f3400000,0x00000000f3b20010,0x00000000f9a00000)
  to   space 101888K, 0% used [0x00000000f9c80000,0x00000000f9c80000,0x0000000100000000)
 ParOldGen       total 312832K, used 129603K [0x0000000080000000, 0x0000000093180000, 0x00000000d5580000)
  object space 312832K, 41% used [0x0000000080000000,0x0000000087e90dc0,0x0000000093180000)
 Metaspace       used 121746K, capacity 127956K, committed 130508K, reserved 1163264K
  class space    used 15426K, capacity 16545K, committed 17152K, reserved 1048576K
}
Event: 7897.446 GC heap before
{Heap before GC invocations=50 (full 6):
 PSYoungGen      total 594432K, used 497280K [0x00000000d5580000, 0x0000000100000000, 0x0000000100000000)
  eden space 489984K, 100% used [0x00000000d5580000,0x00000000f3400000,0x00000000f3400000)
  from space 104448K, 6% used [0x00000000f3400000,0x00000000f3b20010,0x00000000f9a00000)
  to   space 101888K, 0% used [0x00000000f9c80000,0x00000000f9c80000,0x0000000100000000)
 ParOldGen       total 312832K, used 129603K [0x0000000080000000, 0x0000000093180000, 0x00000000d5580000)
  object space 312832K, 41% used [0x0000000080000000,0x0000000087e90dc0,0x0000000093180000)
 Metaspace       used 121750K, capacity 127960K, committed 130508K, reserved 1163264K
  class space    used 15426K, capacity 16545K, committed 17152K, reserved 1048576K
Event: 7897.489 GC heap after
Heap after GC invocations=50 (full 6):
 PSYoungGen      total 585728K, used 6904K [0x00000000d5580000, 0x00000000ff780000, 0x0000000100000000)
  eden space 492544K, 0% used [0x00000000d5580000,0x00000000d5580000,0x00000000f3680000)
  from space 93184K, 7% used [0x00000000f9c80000,0x00000000fa33e270,0x00000000ff780000)
  to   space 98816K, 0% used [0x00000000f3680000,0x00000000f3680000,0x00000000f9700000)
 ParOldGen       total 312832K, used 136059K [0x0000000080000000, 0x0000000093180000, 0x00000000d5580000)
  object space 312832K, 43% used [0x0000000080000000,0x00000000884dedf0,0x0000000093180000)
 Metaspace       used 121750K, capacity 127960K, committed 130508K, reserved 1163264K
  class space    used 15426K, capacity 16545K, committed 17152K, reserved 1048576K
}
Event: 7899.431 GC heap before
{Heap before GC invocations=51 (full 6):
 PSYoungGen      total 585728K, used 499448K [0x00000000d5580000, 0x00000000ff780000, 0x0000000100000000)
  eden space 492544K, 100% used [0x00000000d5580000,0x00000000f3680000,0x00000000f3680000)
  from space 93184K, 7% used [0x00000000f9c80000,0x00000000fa33e270,0x00000000ff780000)
  to   space 98816K, 0% used [0x00000000f3680000,0x00000000f3680000,0x00000000f9700000)
 ParOldGen       total 312832K, used 136059K [0x0000000080000000, 0x0000000093180000, 0x00000000d5580000)
  object space 312832K, 43% used [0x0000000080000000,0x00000000884dedf0,0x0000000093180000)
 Metaspace       used 121762K, capacity 127992K, committed 130508K, reserved 1163264K
  class space    used 15427K, capacity 16577K, committed 17152K, reserved 1048576K
Event: 7899.497 GC heap after
Heap after GC invocations=51 (full 6):
 PSYoungGen      total 591360K, used 14894K [0x00000000d5580000, 0x00000000ffc80000, 0x0000000100000000)
  eden space 492544K, 0% used [0x00000000d5580000,0x00000000d5580000,0x00000000f3680000)
  from space 98816K, 15% used [0x00000000f3680000,0x00000000f450b878,0x00000000f9700000)
  to   space 94208K, 0% used [0x00000000fa080000,0x00000000fa080000,0x00000000ffc80000)
 ParOldGen       total 312832K, used 141419K [0x0000000080000000, 0x0000000093180000, 0x00000000d5580000)
  object space 312832K, 45% used [0x0000000080000000,0x0000000088a1adf0,0x0000000093180000)
 Metaspace       used 121762K, capacity 127992K, committed 130508K, reserved 1163264K
  class space    used 15427K, capacity 16577K, committed 17152K, reserved 1048576K
}
Event: 7901.338 GC heap before
{Heap before GC invocations=52 (full 6):
 PSYoungGen      total 591360K, used 507438K [0x00000000d5580000, 0x00000000ffc80000, 0x0000000100000000)
  eden space 492544K, 100% used [0x00000000d5580000,0x00000000f3680000,0x00000000f3680000)
  from space 98816K, 15% used [0x00000000f3680000,0x00000000f450b878,0x00000000f9700000)
  to   space 94208K, 0% used [0x00000000fa080000,0x00000000fa080000,0x00000000ffc80000)
 ParOldGen       total 312832K, used 141419K [0x0000000080000000, 0x0000000093180000, 0x00000000d5580000)
  object space 312832K, 45% used [0x0000000080000000,0x0000000088a1adf0,0x0000000093180000)
 Metaspace       used 121767K, capacity 127992K, committed 130508K, reserved 1163264K
  class space    used 15427K, capacity 16577K, committed 17152K, reserved 1048576K
Event: 7901.396 GC heap after
Heap after GC invocations=52 (full 6):
 PSYoungGen      total 590848K, used 10667K [0x00000000d5580000, 0x00000000ff380000, 0x0000000100000000)
  eden space 505856K, 0% used [0x00000000d5580000,0x00000000d5580000,0x00000000f4380000)
  from space 84992K, 12% used [0x00000000fa080000,0x00000000faaead40,0x00000000ff380000)
  to   space 90112K, 0% used [0x00000000f4380000,0x00000000f4380000,0x00000000f9b80000)
 ParOldGen       total 312832K, used 154154K [0x0000000080000000, 0x0000000093180000, 0x00000000d5580000)
  object space 312832K, 49% used [0x0000000080000000,0x000000008968ab98,0x0000000093180000)
 Metaspace       used 121767K, capacity 127992K, committed 130508K, reserved 1163264K
  class space    used 15427K, capacity 16577K, committed 17152K, reserved 1048576K
}
Event: 7903.811 GC heap before
{Heap before GC invocations=53 (full 6):
 PSYoungGen      total 590848K, used 516523K [0x00000000d5580000, 0x00000000ff380000, 0x0000000100000000)
  eden space 505856K, 100% used [0x00000000d5580000,0x00000000f4380000,0x00000000f4380000)
  from space 84992K, 12% used [0x00000000fa080000,0x00000000faaead40,0x00000000ff380000)
  to   space 90112K, 0% used [0x00000000f4380000,0x00000000f4380000,0x00000000f9b80000)
 ParOldGen       total 312832K, used 154154K [0x0000000080000000, 0x0000000093180000, 0x00000000d5580000)
  object space 312832K, 49% used [0x0000000080000000,0x000000008968ab98,0x0000000093180000)
 Metaspace       used 121771K, capacity 127992K, committed 130508K, reserved 1163264K
  class space    used 15427K, capacity 16577K, committed 17152K, reserved 1048576K
Event: 7903.898 GC heap after
Heap after GC invocations=53 (full 6):
 PSYoungGen      total 595968K, used 14722K [0x00000000d5580000, 0x00000000ffc00000, 0x0000000100000000)
  eden space 505856K, 0% used [0x00000000d5580000,0x00000000d5580000,0x00000000f4380000)
  from space 90112K, 16% used [0x00000000f4380000,0x00000000f51e0830,0x00000000f9b80000)
  to   space 85504K, 0% used [0x00000000fa880000,0x00000000fa880000,0x00000000ffc00000)
 ParOldGen       total 312832K, used 162817K [0x0000000080000000, 0x0000000093180000, 0x00000000d5580000)
  object space 312832K, 52% used [0x0000000080000000,0x0000000089f005f0,0x0000000093180000)
 Metaspace       used 121771K, capacity 127992K, committed 130508K, reserved 1163264K
  class space    used 15427K, capacity 16577K, committed 17152K, reserved 1048576K
}

